All done. Here's a summary of what was set up:

### Dependencies installed
- `resend` and `@vercel/analytics` added via pnpm (framer-motion was already present)

### Design system created
- **`lib/design-tokens.ts`** — typed token file with dark/light emerald palettes
  - Dark: bg `#0A0A0B`, text `#FAFAF9`, accent `#6EE7B7` (emerald-300)
  - Light: bg `#FAFAF9`, text `#09090B`, accent `#059669` (emerald-600)

### globals.css updated
- All CSS variables switched from gold (`#C9A84C`) to emerald palette
- Added `@keyframes` for `fadeIn`, `slideUp`, `reveal`, `glowPulse`
- Tailwind `@theme inline` block now exposes animation tokens (`--animate-*`)
- **CSS grain effect** via inline SVG `feTurbulence` on `body::before` — replaces the canvas-based NoiseTexture
- `::selection` and scrollbar styling preserved with new accent colors

### Fonts configured
- **Outfit** (Google Fonts) replaces Cormorant Garamond + DM Sans — single font for both `--font-display` and `--font-body`
- **DM Mono** retained for `--font-mono`
- `font-body` class added to `<body>` in layout

### Other changes
- `<Analytics />` from `@vercel/analytics/next` added to layout
- `NoiseTexture` component returns `null` (CSS handles it now)
- Build passes cleanly with zero errors

> portfolio@0.1.0 build /Users/user_pc/Projetos/portifolio
> next build

▲ Next.js 16.1.6 (Turbopack)

  Creating an optimized production build ...
✓ Compiled successfully in 2.0s
  Running TypeScript ...
  Collecting page data using 15 workers ...
  Generating static pages using 15 workers (0/6) ...
  Generating static pages using 15 workers (1/6) 
  Generating static pages using 15 workers (2/6) 
  Generating static pages using 15 workers (4/6) 
✓ Generating static pages using 15 workers (6/6) in 414.2ms
  Finalizing page optimization ...

Route (app)
┌ ○ /
├ ○ /_not-found
├ ƒ /api/chat
└ ƒ /api/github-stack


○  (Static)   prerendered as static content
ƒ  (Dynamic)  server-rendered on demand

